Using pre-set license
Built from '2020.3/staging' branch; Version is '2020.3.0f1 (c7b5465681fb) revision 13088070'; Using compiler version '192528614'; Build Type 'Release'
OS: 'Windows 10 Pro; OS build 19042.906; Version 2009; 64bit' Language: 'de' Physical Memory: 8074 MB
BatchMode: 1, IsHumanControllingUs: 0, StartBugReporterOnCrash: 0, Is64bit: 1, IsPro: 0

 COMMAND LINE ARGUMENTS:
C:\Program Files\Unity\Hub\Editor\2020.3.0f1\Editor\Unity.exe
-adb2
-batchMode
-noUpm
-name
AssetImportWorker0
-projectPath
C:/Users/Jesse/Dev/C#/Unity/Unity-FutureCube/FutureCube
-logFile
Logs/AssetImportWorker0.log
-srvPort
62989
Successfully changed project path to: C:/Users/Jesse/Dev/C#/Unity/Unity-FutureCube/FutureCube
C:/Users/Jesse/Dev/C#/Unity/Unity-FutureCube/FutureCube
Using Asset Import Pipeline V2.
Refreshing native plugins compatible for Editor in 98.98 ms, found 3 plugins.
Preloading 0 native plugins for Editor in 0.00 ms.
Initialize engine version: 2020.3.0f1 (c7b5465681fb)
[Subsystems] Discovering subsystems at path C:/Program Files/Unity/Hub/Editor/2020.3.0f1/Editor/Data/Resources/UnitySubsystems
[Subsystems] Discovering subsystems at path C:/Users/Jesse/Dev/C#/Unity/Unity-FutureCube/FutureCube/Assets
GfxDevice: creating device client; threaded=0
Direct3D:
    Version:  Direct3D 11.0 [level 11.1]
    Renderer: Intel(R) HD Graphics 620 (ID=0x5916)
    Vendor:   
    VRAM:     4037 MB
    Driver:   27.20.100.9316
Initialize mono
Mono path[0] = 'C:/Program Files/Unity/Hub/Editor/2020.3.0f1/Editor/Data/Managed'
Mono path[1] = 'C:/Program Files/Unity/Hub/Editor/2020.3.0f1/Editor/Data/MonoBleedingEdge/lib/mono/unityjit'
Mono config path = 'C:/Program Files/Unity/Hub/Editor/2020.3.0f1/Editor/Data/MonoBleedingEdge/etc'
Using monoOptions --debugger-agent=transport=dt_socket,embedding=1,server=y,suspend=n,address=127.0.0.1:56232
Begin MonoManager ReloadAssembly
Registering precompiled unity dll's ...
Register platform support module: C:/Program Files/Unity/Hub/Editor/2020.3.0f1/Editor/Data/PlaybackEngines/WindowsStandaloneSupport/UnityEditor.WindowsStandalone.Extensions.dll
Registered in 0.003331 seconds.
Native extension for WindowsStandalone target not found
Refreshing native plugins compatible for Editor in 67.72 ms, found 3 plugins.
Preloading 0 native plugins for Editor in 0.00 ms.
Invoked RoslynAnalysisRunner static constructor.
RoslynAnalysisRunner will not be running.
RoslynAnalysisRunner has terminated.
Mono: successfully reloaded assembly
- Completed reload, in  1.971 seconds
Platform modules already initialized, skipping
Registering precompiled user dll's ...
Registered in 0.037077 seconds.
Begin MonoManager ReloadAssembly
Native extension for WindowsStandalone target not found
Refreshing native plugins compatible for Editor in 15.76 ms, found 3 plugins.
Preloading 0 native plugins for Editor in 0.00 ms.
Invoked RoslynAnalysisRunner static constructor.
RoslynAnalysisRunner will not be running.
RoslynAnalysisRunner has terminated.
Mono: successfully reloaded assembly
- Completed reload, in  5.650 seconds
Platform modules already initialized, skipping
========================================================================
Worker process is ready to serve import requests
Launched and connected shader compiler UnityShaderCompiler.exe after 0.16 seconds
Refreshing native plugins compatible for Editor in 0.99 ms, found 3 plugins.
Preloading 0 native plugins for Editor in 0.00 ms.
Unloading 1732 Unused Serialized files (Serialized files now loaded: 0)
System memory in use before: 77.5 MB.
System memory in use after: 77.5 MB.

Unloading 88 unused Assets to reduce memory usage. Loaded Objects now: 2128.
Total: 2.793500 ms (FindLiveObjects: 0.285800 ms CreateObjectMapping: 0.115200 ms MarkObjects: 2.265200 ms  DeleteObjects: 0.125200 ms)

========================================================================
Received Import Request.
  path: Assets/Scripts/GameVersion.cs
  artifactKey: Guid(0baf67f9949d4784499affa0c517b0ef) Importer(815301076,1909f56bfc062723c751e8b465ee728b)
Start importing Assets/Scripts/GameVersion.cs using Guid(0baf67f9949d4784499affa0c517b0ef) Importer(815301076,1909f56bfc062723c751e8b465ee728b)  -> (artifact id: 'cbc8c3743b57049324e827a35b8db723') in 0.069731 seconds
  Import took 0.076037 seconds .

========================================================================
Received Import Request.
  Time since last request: 0.001262 seconds.
  path: Assets/Assets/Game Jam Template/Settings ScriptableObjects/Game Jam Menu UI Data.asset
  artifactKey: Guid(448a8bcccb6c4a9499413d47af705f17) Importer(815301076,1909f56bfc062723c751e8b465ee728b)
Start importing Assets/Assets/Game Jam Template/Settings ScriptableObjects/Game Jam Menu UI Data.asset using Guid(448a8bcccb6c4a9499413d47af705f17) Importer(815301076,1909f56bfc062723c751e8b465ee728b)  -> (artifact id: '24c41bcbb8ab7b9aba9f5609b466e9f6') in 0.040565 seconds
  Import took 0.046193 seconds .

========================================================================
Received Prepare
Registering precompiled user dll's ...
Registered in 0.068487 seconds.
Begin MonoManager ReloadAssembly
Native extension for WindowsStandalone target not found
Refreshing native plugins compatible for Editor in 1.33 ms, found 3 plugins.
Preloading 0 native plugins for Editor in 0.00 ms.
Invoked RoslynAnalysisRunner static constructor.
RoslynAnalysisRunner will not be running.
RoslynAnalysisRunner has terminated.
Mono: successfully reloaded assembly
- Completed reload, in 15.657 seconds
Platform modules already initialized, skipping
Refreshing native plugins compatible for Editor in 2.50 ms, found 3 plugins.
Preloading 0 native plugins for Editor in 0.00 ms.
Unloading 1724 Unused Serialized files (Serialized files now loaded: 0)
System memory in use before: 77.2 MB.
System memory in use after: 77.3 MB.

Unloading 79 unused Assets to reduce memory usage. Loaded Objects now: 2131.
Total: 13.978000 ms (FindLiveObjects: 0.627100 ms CreateObjectMapping: 0.234100 ms MarkObjects: 12.954900 ms  DeleteObjects: 0.158100 ms)

========================================================================
Received Import Request.
  Time since last request: 92.336112 seconds.
  path: Assets/PlayerChocolateSave.json
  artifactKey: Guid(d00f8d635d2d40142bc3c2cae56c8d1f) Importer(815301076,1909f56bfc062723c751e8b465ee728b)
Start importing Assets/PlayerChocolateSave.json using Guid(d00f8d635d2d40142bc3c2cae56c8d1f) Importer(815301076,1909f56bfc062723c751e8b465ee728b)  -> (artifact id: 'e1aa1f843c0a9e2cd4e933da0cda404c') in 0.145539 seconds
  Import took 0.159891 seconds .

========================================================================
Received Prepare
Registering precompiled user dll's ...
Registered in 0.724028 seconds.
Begin MonoManager ReloadAssembly
Native extension for WindowsStandalone target not found
Refreshing native plugins compatible for Editor in 1.05 ms, found 3 plugins.
Preloading 0 native plugins for Editor in 0.00 ms.
Invoked RoslynAnalysisRunner static constructor.
RoslynAnalysisRunner will not be running.
RoslynAnalysisRunner has terminated.
Mono: successfully reloaded assembly
- Completed reload, in  3.141 seconds
Platform modules already initialized, skipping
Refreshing native plugins compatible for Editor in 0.98 ms, found 3 plugins.
Preloading 0 native plugins for Editor in 0.00 ms.
Unloading 1724 Unused Serialized files (Serialized files now loaded: 0)
System memory in use before: 77.3 MB.
System memory in use after: 77.4 MB.

Unloading 79 unused Assets to reduce memory usage. Loaded Objects now: 2134.
Total: 2.912000 ms (FindLiveObjects: 0.300900 ms CreateObjectMapping: 0.148100 ms MarkObjects: 2.407900 ms  DeleteObjects: 0.052600 ms)

========================================================================
Received Import Request.
  Time since last request: 112.628516 seconds.
  path: Assets/Scripts/LoadJson.cs
  artifactKey: Guid(4bc7f3e588c7e3449a12cf6a8e9c60de) Importer(815301076,1909f56bfc062723c751e8b465ee728b)
Start importing Assets/Scripts/LoadJson.cs using Guid(4bc7f3e588c7e3449a12cf6a8e9c60de) Importer(815301076,1909f56bfc062723c751e8b465ee728b)  -> (artifact id: '5fd2e3ae4c0a8aa5fc4215cf3461656f') in 0.012364 seconds
  Import took 0.017398 seconds .

========================================================================
Received Import Request.
  Time since last request: 0.049600 seconds.
  path: Assets/Scripts/LoadJson.cs
  artifactKey: Guid(4bc7f3e588c7e3449a12cf6a8e9c60de) Importer(815301076,1909f56bfc062723c751e8b465ee728b)
Start importing Assets/Scripts/LoadJson.cs using Guid(4bc7f3e588c7e3449a12cf6a8e9c60de) Importer(815301076,1909f56bfc062723c751e8b465ee728b)  -> (artifact id: '5fd2e3ae4c0a8aa5fc4215cf3461656f') in 0.006413 seconds
  Import took 0.013189 seconds .

========================================================================
Received Import Request.
  Time since last request: 18.874381 seconds.
  path: Assets/Scripts/LoadJson.cs
  artifactKey: Guid(4bc7f3e588c7e3449a12cf6a8e9c60de) Importer(815301076,1909f56bfc062723c751e8b465ee728b)
Start importing Assets/Scripts/LoadJson.cs using Guid(4bc7f3e588c7e3449a12cf6a8e9c60de) Importer(815301076,1909f56bfc062723c751e8b465ee728b)  -> (artifact id: '5353457613322793821942e8d0bc5a28') in 0.084374 seconds
  Import took 0.510002 seconds .

========================================================================
Received Prepare
Registering precompiled user dll's ...
Registered in 0.074590 seconds.
Begin MonoManager ReloadAssembly
Native extension for WindowsStandalone target not found
Refreshing native plugins compatible for Editor in 1.06 ms, found 3 plugins.
Preloading 0 native plugins for Editor in 0.00 ms.
Invoked RoslynAnalysisRunner static constructor.
RoslynAnalysisRunner will not be running.
RoslynAnalysisRunner has terminated.
Mono: successfully reloaded assembly
- Completed reload, in  2.511 seconds
Platform modules already initialized, skipping
Refreshing native plugins compatible for Editor in 0.99 ms, found 3 plugins.
Preloading 0 native plugins for Editor in 0.00 ms.
Unloading 1724 Unused Serialized files (Serialized files now loaded: 0)
System memory in use before: 77.3 MB.
System memory in use after: 77.4 MB.

Unloading 79 unused Assets to reduce memory usage. Loaded Objects now: 2137.
Total: 3.029400 ms (FindLiveObjects: 0.317500 ms CreateObjectMapping: 0.213700 ms MarkObjects: 2.360200 ms  DeleteObjects: 0.134700 ms)

========================================================================
Received Prepare
Refreshing native plugins compatible for Editor in 73.17 ms, found 3 plugins.
Preloading 0 native plugins for Editor in 0.00 ms.
Unloading 78 Unused Serialized files (Serialized files now loaded: 0)
System memory in use before: 44.8 MB.
System memory in use after: 44.9 MB.

Unloading 77 unused Assets to reduce memory usage. Loaded Objects now: 2137.
Total: 4.691500 ms (FindLiveObjects: 0.847500 ms CreateObjectMapping: 0.409600 ms MarkObjects: 2.978900 ms  DeleteObjects: 0.452800 ms)

========================================================================
Received Prepare
Registering precompiled user dll's ...
Registered in 0.068490 seconds.
Begin MonoManager ReloadAssembly
Native extension for WindowsStandalone target not found
Refreshing native plugins compatible for Editor in 2.30 ms, found 3 plugins.
Preloading 0 native plugins for Editor in 0.00 ms.
Invoked RoslynAnalysisRunner static constructor.
RoslynAnalysisRunner will not be running.
RoslynAnalysisRunner has terminated.
Mono: successfully reloaded assembly
- Completed reload, in  2.677 seconds
Platform modules already initialized, skipping
Refreshing native plugins compatible for Editor in 1.71 ms, found 3 plugins.
Preloading 0 native plugins for Editor in 0.00 ms.
Unloading 1724 Unused Serialized files (Serialized files now loaded: 0)
System memory in use before: 77.3 MB.
System memory in use after: 77.4 MB.

Unloading 79 unused Assets to reduce memory usage. Loaded Objects now: 2140.
Total: 6.540800 ms (FindLiveObjects: 0.531000 ms CreateObjectMapping: 0.132400 ms MarkObjects: 5.645000 ms  DeleteObjects: 0.229300 ms)

========================================================================
Received Prepare
Refreshing native plugins compatible for Editor in 50.00 ms, found 3 plugins.
Preloading 0 native plugins for Editor in 0.00 ms.
Unloading 78 Unused Serialized files (Serialized files now loaded: 0)
System memory in use before: 44.8 MB.
System memory in use after: 44.9 MB.

Unloading 77 unused Assets to reduce memory usage. Loaded Objects now: 2140.
Total: 5.965000 ms (FindLiveObjects: 0.679800 ms CreateObjectMapping: 0.482500 ms MarkObjects: 4.730800 ms  DeleteObjects: 0.068400 ms)

========================================================================
Received Prepare
Refreshing native plugins compatible for Editor in 56.04 ms, found 3 plugins.
Preloading 0 native plugins for Editor in 0.00 ms.
Unloading 78 Unused Serialized files (Serialized files now loaded: 0)
System memory in use before: 44.8 MB.
System memory in use after: 44.9 MB.

Unloading 77 unused Assets to reduce memory usage. Loaded Objects now: 2140.
Total: 5.433200 ms (FindLiveObjects: 0.301200 ms CreateObjectMapping: 0.149500 ms MarkObjects: 4.799800 ms  DeleteObjects: 0.180200 ms)

========================================================================
Received Prepare
Registering precompiled user dll's ...
Registered in 0.052967 seconds.
Begin MonoManager ReloadAssembly
Native extension for WindowsStandalone target not found
Refreshing native plugins compatible for Editor in 2.02 ms, found 3 plugins.
Preloading 0 native plugins for Editor in 0.00 ms.
Invoked RoslynAnalysisRunner static constructor.
RoslynAnalysisRunner will not be running.
RoslynAnalysisRunner has terminated.
Mono: successfully reloaded assembly
- Completed reload, in  4.170 seconds
Platform modules already initialized, skipping
Switching build target platform(5) subTarget(0) extendedPlatform(0) -> platform(13) subTarget(589824) extendedPlatform(0)
Refreshing native plugins compatible for Editor in 2.47 ms, found 3 plugins.
Preloading 0 native plugins for Editor in 0.00 ms.
Unloading 1738 Unused Serialized files (Serialized files now loaded: 0)
System memory in use before: 77.0 MB.
System memory in use after: 77.2 MB.

Unloading 89 unused Assets to reduce memory usage. Loaded Objects now: 2143.
Total: 14.648000 ms (FindLiveObjects: 0.958300 ms CreateObjectMapping: 0.203600 ms MarkObjects: 13.326900 ms  DeleteObjects: 0.148900 ms)

AssetImportParameters requested are different than current active one (requested -> active):
  custom:graphics/normal-map-encoding: 01000000000000000000000000000000 -> 02000000000000000000000000000000
========================================================================
Received Prepare
Refreshing native plugins compatible for Editor in 55.24 ms, found 3 plugins.
Preloading 0 native plugins for Editor in 0.00 ms.
Unloading 78 Unused Serialized files (Serialized files now loaded: 0)
System memory in use before: 44.6 MB.
System memory in use after: 44.7 MB.

Unloading 77 unused Assets to reduce memory usage. Loaded Objects now: 2143.
Total: 5.672600 ms (FindLiveObjects: 0.538900 ms CreateObjectMapping: 0.221800 ms MarkObjects: 4.833800 ms  DeleteObjects: 0.075600 ms)

========================================================================
Received Prepare
Refreshing native plugins compatible for Editor in 49.59 ms, found 3 plugins.
Preloading 0 native plugins for Editor in 0.00 ms.
Unloading 78 Unused Serialized files (Serialized files now loaded: 0)
System memory in use before: 44.6 MB.
System memory in use after: 44.7 MB.

Unloading 77 unused Assets to reduce memory usage. Loaded Objects now: 2143.
Total: 16.024900 ms (FindLiveObjects: 0.546600 ms CreateObjectMapping: 0.353100 ms MarkObjects: 15.057600 ms  DeleteObjects: 0.064000 ms)

========================================================================
Received Prepare
Registering precompiled user dll's ...
Registered in 0.154482 seconds.
Begin MonoManager ReloadAssembly
Native extension for WindowsStandalone target not found
Refreshing native plugins compatible for Editor in 1.94 ms, found 3 plugins.
Preloading 0 native plugins for Editor in 0.00 ms.
Invoked RoslynAnalysisRunner static constructor.
RoslynAnalysisRunner will not be running.
RoslynAnalysisRunner has terminated.
Mono: successfully reloaded assembly
- Completed reload, in  2.661 seconds
Platform modules already initialized, skipping
Refreshing native plugins compatible for Editor in 2.05 ms, found 3 plugins.
Preloading 0 native plugins for Editor in 0.00 ms.
Unloading 1724 Unused Serialized files (Serialized files now loaded: 0)
System memory in use before: 77.6 MB.
System memory in use after: 77.7 MB.

Unloading 79 unused Assets to reduce memory usage. Loaded Objects now: 2146.
Total: 5.009300 ms (FindLiveObjects: 0.556500 ms CreateObjectMapping: 0.279700 ms MarkObjects: 4.075300 ms  DeleteObjects: 0.094400 ms)

========================================================================
Received Prepare
Refreshing native plugins compatible for Editor in 45.14 ms, found 3 plugins.
Preloading 0 native plugins for Editor in 0.00 ms.
Unloading 78 Unused Serialized files (Serialized files now loaded: 0)
System memory in use before: 45.1 MB.
System memory in use after: 45.2 MB.

Unloading 77 unused Assets to reduce memory usage. Loaded Objects now: 2146.
Total: 4.525000 ms (FindLiveObjects: 0.739100 ms CreateObjectMapping: 0.337600 ms MarkObjects: 3.332200 ms  DeleteObjects: 0.113300 ms)

